{"C:\\Users\\PC\\Desktop\\ninho-mils4\\api\\_security.js": {"path":"C:\\Users\\PC\\Desktop\\ninho-mils4\\api\\_security.js","statementMap":{"0":{"start":{"line":4,"column":18},"end":{"line":4,"column":32}},"1":{"start":{"line":5,"column":21},"end":{"line":5,"column":23}},"2":{"start":{"line":6,"column":17},"end":{"line":6,"column":26}},"3":{"start":{"line":9,"column":2},"end":{"line":9,"column":53}},"4":{"start":{"line":10,"column":2},"end":{"line":10,"column":43}},"5":{"start":{"line":11,"column":2},"end":{"line":11,"column":70}},"6":{"start":{"line":12,"column":2},"end":{"line":12,"column":82}},"7":{"start":{"line":13,"column":2},"end":{"line":13,"column":45}},"8":{"start":{"line":17,"column":2},"end":{"line":21,"column":3}},"9":{"start":{"line":18,"column":4},"end":{"line":18,"column":35}},"10":{"start":{"line":19,"column":4},"end":{"line":19,"column":26}},"11":{"start":{"line":20,"column":4},"end":{"line":20,"column":17}},"12":{"start":{"line":23,"column":2},"end":{"line":30,"column":3}},"13":{"start":{"line":24,"column":4},"end":{"line":24,"column":35}},"14":{"start":{"line":25,"column":4},"end":{"line":28,"column":7}},"15":{"start":{"line":29,"column":4},"end":{"line":29,"column":17}},"16":{"start":{"line":32,"column":2},"end":{"line":32,"column":14}},"17":{"start":{"line":36,"column":19},"end":{"line":41,"column":3}},"18":{"start":{"line":43,"column":16},"end":{"line":43,"column":51}},"19":{"start":{"line":45,"column":2},"end":{"line":49,"column":3}},"20":{"start":{"line":46,"column":4},"end":{"line":48,"column":6}},"21":{"start":{"line":51,"column":2},"end":{"line":51,"column":15}},"22":{"start":{"line":55,"column":15},"end":{"line":55,"column":37}},"23":{"start":{"line":56,"column":16},"end":{"line":56,"column":38}},"24":{"start":{"line":58,"column":2},"end":{"line":60,"column":3}},"25":{"start":{"line":59,"column":4},"end":{"line":59,"column":17}},"26":{"start":{"line":62,"column":2},"end":{"line":62,"column":45}},"27":{"start":{"line":66,"column":20},"end":{"line":66,"column":50}},"28":{"start":{"line":68,"column":2},"end":{"line":74,"column":12}},"29":{"start":{"line":78,"column":13},"end":{"line":78,"column":29}},"30":{"start":{"line":79,"column":14},"end":{"line":79,"column":24}},"31":{"start":{"line":81,"column":17},"end":{"line":84,"column":3}},"32":{"start":{"line":86,"column":2},"end":{"line":89,"column":3}},"33":{"start":{"line":87,"column":4},"end":{"line":87,"column":21}},"34":{"start":{"line":88,"column":4},"end":{"line":88,"column":37}},"35":{"start":{"line":91,"column":2},"end":{"line":91,"column":20}},"36":{"start":{"line":92,"column":2},"end":{"line":92,"column":27}},"37":{"start":{"line":94,"column":2},"end":{"line":100,"column":3}},"38":{"start":{"line":95,"column":4},"end":{"line":98,"column":7}},"39":{"start":{"line":99,"column":4},"end":{"line":99,"column":17}},"40":{"start":{"line":102,"column":2},"end":{"line":102,"column":14}},"41":{"start":{"line":106,"column":17},"end":{"line":106,"column":45}},"42":{"start":{"line":108,"column":2},"end":{"line":117,"column":4}},"43":{"start":{"line":121,"column":17},"end":{"line":121,"column":45}},"44":{"start":{"line":123,"column":2},"end":{"line":127,"column":5}}},"fnMap":{"0":{"name":"setSecurityHeaders","decl":{"start":{"line":8,"column":16},"end":{"line":8,"column":34}},"loc":{"start":{"line":8,"column":40},"end":{"line":14,"column":1}},"line":8},"1":{"name":"requireMethod","decl":{"start":{"line":16,"column":16},"end":{"line":16,"column":29}},"loc":{"start":{"line":16,"column":48},"end":{"line":33,"column":1}},"line":16},"2":{"name":"getRequiredEnv","decl":{"start":{"line":35,"column":16},"end":{"line":35,"column":30}},"loc":{"start":{"line":35,"column":37},"end":{"line":52,"column":1}},"line":35},"3":{"name":"safeEqual","decl":{"start":{"line":54,"column":16},"end":{"line":54,"column":25}},"loc":{"start":{"line":54,"column":42},"end":{"line":63,"column":1}},"line":54},"4":{"name":"getClientIp","decl":{"start":{"line":65,"column":16},"end":{"line":65,"column":27}},"loc":{"start":{"line":65,"column":33},"end":{"line":75,"column":1}},"line":65},"5":{"name":"rateLimit","decl":{"start":{"line":77,"column":16},"end":{"line":77,"column":25}},"loc":{"start":{"line":77,"column":36},"end":{"line":103,"column":1}},"line":77},"6":{"name":"signAdminToken","decl":{"start":{"line":105,"column":16},"end":{"line":105,"column":30}},"loc":{"start":{"line":105,"column":33},"end":{"line":118,"column":1}},"line":105},"7":{"name":"verifyAdminToken","decl":{"start":{"line":120,"column":16},"end":{"line":120,"column":32}},"loc":{"start":{"line":120,"column":40},"end":{"line":128,"column":null}},"line":120}},"branchMap":{"0":{"loc":{"start":{"line":17,"column":2},"end":{"line":21,"column":3}},"type":"if","locations":[{"start":{"line":17,"column":2},"end":{"line":21,"column":3}},{"start":{},"end":{}}],"line":17},"1":{"loc":{"start":{"line":23,"column":2},"end":{"line":30,"column":3}},"type":"if","locations":[{"start":{"line":23,"column":2},"end":{"line":30,"column":3}},{"start":{},"end":{}}],"line":23},"2":{"loc":{"start":{"line":43,"column":16},"end":{"line":43,"column":51}},"type":"binary-expr","locations":[{"start":{"line":43,"column":16},"end":{"line":43,"column":33}},{"start":{"line":43,"column":37},"end":{"line":43,"column":51}}],"line":43},"3":{"loc":{"start":{"line":45,"column":2},"end":{"line":49,"column":3}},"type":"if","locations":[{"start":{"line":45,"column":2},"end":{"line":49,"column":3}},{"start":{},"end":{}}],"line":45},"4":{"loc":{"start":{"line":54,"column":26},"end":{"line":54,"column":32}},"type":"default-arg","locations":[{"start":{"line":54,"column":30},"end":{"line":54,"column":32}}],"line":54},"5":{"loc":{"start":{"line":54,"column":34},"end":{"line":54,"column":40}},"type":"default-arg","locations":[{"start":{"line":54,"column":38},"end":{"line":54,"column":40}}],"line":54},"6":{"loc":{"start":{"line":58,"column":2},"end":{"line":60,"column":3}},"type":"if","locations":[{"start":{"line":58,"column":2},"end":{"line":60,"column":3}},{"start":{},"end":{}}],"line":58},"7":{"loc":{"start":{"line":69,"column":4},"end":{"line":71,"column":59}},"type":"cond-expr","locations":[{"start":{"line":70,"column":8},"end":{"line":70,"column":20}},{"start":{"line":71,"column":8},"end":{"line":71,"column":59}}],"line":69},"8":{"loc":{"start":{"line":71,"column":8},"end":{"line":71,"column":59}},"type":"binary-expr","locations":[{"start":{"line":71,"column":8},"end":{"line":71,"column":17}},{"start":{"line":71,"column":21},"end":{"line":71,"column":46}},{"start":{"line":71,"column":50},"end":{"line":71,"column":59}}],"line":71},"9":{"loc":{"start":{"line":81,"column":17},"end":{"line":84,"column":3}},"type":"binary-expr","locations":[{"start":{"line":81,"column":17},"end":{"line":81,"column":33}},{"start":{"line":81,"column":37},"end":{"line":84,"column":3}}],"line":81},"10":{"loc":{"start":{"line":86,"column":2},"end":{"line":89,"column":3}},"type":"if","locations":[{"start":{"line":86,"column":2},"end":{"line":89,"column":3}},{"start":{},"end":{}}],"line":86},"11":{"loc":{"start":{"line":94,"column":2},"end":{"line":100,"column":3}},"type":"if","locations":[{"start":{"line":94,"column":2},"end":{"line":100,"column":3}},{"start":{},"end":{}}],"line":94}},"s":{"0":1,"1":1,"2":1,"3":0,"4":0,"5":0,"6":0,"7":0,"8":0,"9":0,"10":0,"11":0,"12":0,"13":0,"14":0,"15":0,"16":0,"17":0,"18":0,"19":0,"20":0,"21":0,"22":2,"23":2,"24":2,"25":1,"26":1,"27":2,"28":2,"29":0,"30":0,"31":0,"32":0,"33":0,"34":0,"35":0,"36":0,"37":0,"38":0,"39":0,"40":0,"41":0,"42":0,"43":0,"44":0},"f":{"0":0,"1":0,"2":0,"3":2,"4":2,"5":0,"6":0,"7":0},"b":{"0":[0,0],"1":[0,0],"2":[0,0],"3":[0,0],"4":[2],"5":[2],"6":[1,1],"7":[0,2],"8":[2,1,0],"9":[0,0],"10":[0,0],"11":[0,0]},"meta":{"lastBranch":12,"lastFunction":8,"lastStatement":45,"seen":{"s:4:18:4:32":0,"s:5:21:5:23":1,"s:6:17:6:26":2,"f:8:16:8:34":0,"s:9:2:9:53":3,"s:10:2:10:43":4,"s:11:2:11:70":5,"s:12:2:12:82":6,"s:13:2:13:45":7,"f:16:16:16:29":1,"b:17:2:21:3:undefined:undefined:undefined:undefined":0,"s:17:2:21:3":8,"s:18:4:18:35":9,"s:19:4:19:26":10,"s:20:4:20:17":11,"b:23:2:30:3:undefined:undefined:undefined:undefined":1,"s:23:2:30:3":12,"s:24:4:24:35":13,"s:25:4:28:7":14,"s:29:4:29:17":15,"s:32:2:32:14":16,"f:35:16:35:30":2,"s:36:19:41:3":17,"s:43:16:43:51":18,"b:43:16:43:33:43:37:43:51":2,"b:45:2:49:3:undefined:undefined:undefined:undefined":3,"s:45:2:49:3":19,"s:46:4:48:6":20,"s:51:2:51:15":21,"f:54:16:54:25":3,"b:54:30:54:32":4,"b:54:38:54:40":5,"s:55:15:55:37":22,"s:56:16:56:38":23,"b:58:2:60:3:undefined:undefined:undefined:undefined":6,"s:58:2:60:3":24,"s:59:4:59:17":25,"s:62:2:62:45":26,"f:65:16:65:27":4,"s:66:20:66:50":27,"s:68:2:74:12":28,"b:70:8:70:20:71:8:71:59":7,"b:71:8:71:17:71:21:71:46:71:50:71:59":8,"f:77:16:77:25":5,"s:78:13:78:29":29,"s:79:14:79:24":30,"s:81:17:84:3":31,"b:81:17:81:33:81:37:84:3":9,"b:86:2:89:3:undefined:undefined:undefined:undefined":10,"s:86:2:89:3":32,"s:87:4:87:21":33,"s:88:4:88:37":34,"s:91:2:91:20":35,"s:92:2:92:27":36,"b:94:2:100:3:undefined:undefined:undefined:undefined":11,"s:94:2:100:3":37,"s:95:4:98:7":38,"s:99:4:99:17":39,"s:102:2:102:14":40,"f:105:16:105:30":6,"s:106:17:106:45":41,"s:108:2:117:4":42,"f:120:16:120:32":7,"s:121:17:121:45":43,"s:123:2:127:5":44}}}
,"C:\\Users\\PC\\Desktop\\ninho-mils4\\src\\services\\Auth.js": {"path":"C:\\Users\\PC\\Desktop\\ninho-mils4\\src\\services\\Auth.js","statementMap":{"0":{"start":{"line":1,"column":18},"end":{"line":1,"column":31}},"1":{"start":{"line":4,"column":16},"end":{"line":4,"column":18}},"2":{"start":{"line":5,"column":2},"end":{"line":9,"column":3}},"3":{"start":{"line":6,"column":4},"end":{"line":6,"column":31}},"4":{"start":{"line":8,"column":4},"end":{"line":8,"column":17}},"5":{"start":{"line":11,"column":2},"end":{"line":13,"column":3}},"6":{"start":{"line":12,"column":4},"end":{"line":12,"column":70}},"7":{"start":{"line":15,"column":2},"end":{"line":15,"column":17}},"8":{"start":{"line":19,"column":14},"end":{"line":26,"column":4}},"9":{"start":{"line":28,"column":2},"end":{"line":28,"column":32}},"10":{"start":{"line":32,"column":2},"end":{"line":32,"column":27}},"11":{"start":{"line":32,"column":14},"end":{"line":32,"column":27}},"12":{"start":{"line":34,"column":2},"end":{"line":46,"column":3}},"13":{"start":{"line":35,"column":16},"end":{"line":41,"column":6}},"14":{"start":{"line":42,"column":20},"end":{"line":42,"column":36}},"15":{"start":{"line":43,"column":4},"end":{"line":43,"column":44}},"16":{"start":{"line":45,"column":4},"end":{"line":45,"column":17}},"17":{"start":{"line":50,"column":2},"end":{"line":50,"column":43}},"18":{"start":{"line":54,"column":2},"end":{"line":54,"column":43}},"19":{"start":{"line":58,"column":2},"end":{"line":58,"column":39}}},"fnMap":{"0":{"name":"parseJsonResponse","decl":{"start":{"line":3,"column":15},"end":{"line":3,"column":32}},"loc":{"start":{"line":3,"column":38},"end":{"line":16,"column":1}},"line":3},"1":{"name":"login","decl":{"start":{"line":18,"column":22},"end":{"line":18,"column":27}},"loc":{"start":{"line":18,"column":48},"end":{"line":29,"column":1}},"line":18},"2":{"name":"verifyToken","decl":{"start":{"line":31,"column":22},"end":{"line":31,"column":33}},"loc":{"start":{"line":31,"column":54},"end":{"line":47,"column":1}},"line":31},"3":{"name":"saveToken","decl":{"start":{"line":49,"column":16},"end":{"line":49,"column":25}},"loc":{"start":{"line":49,"column":33},"end":{"line":51,"column":1}},"line":49},"4":{"name":"getToken","decl":{"start":{"line":53,"column":16},"end":{"line":53,"column":24}},"loc":{"start":{"line":53,"column":27},"end":{"line":55,"column":1}},"line":53},"5":{"name":"logout","decl":{"start":{"line":57,"column":16},"end":{"line":57,"column":22}},"loc":{"start":{"line":57,"column":25},"end":{"line":59,"column":1}},"line":57}},"branchMap":{"0":{"loc":{"start":{"line":11,"column":2},"end":{"line":13,"column":3}},"type":"if","locations":[{"start":{"line":11,"column":2},"end":{"line":13,"column":3}},{"start":{},"end":{}}],"line":11},"1":{"loc":{"start":{"line":12,"column":20},"end":{"line":12,"column":68}},"type":"binary-expr","locations":[{"start":{"line":12,"column":20},"end":{"line":12,"column":34}},{"start":{"line":12,"column":38},"end":{"line":12,"column":68}}],"line":12},"2":{"loc":{"start":{"line":31,"column":34},"end":{"line":31,"column":52}},"type":"default-arg","locations":[{"start":{"line":31,"column":42},"end":{"line":31,"column":52}}],"line":31},"3":{"loc":{"start":{"line":32,"column":2},"end":{"line":32,"column":27}},"type":"if","locations":[{"start":{"line":32,"column":2},"end":{"line":32,"column":27}},{"start":{},"end":{}}],"line":32},"4":{"loc":{"start":{"line":43,"column":19},"end":{"line":43,"column":42}},"type":"binary-expr","locations":[{"start":{"line":43,"column":19},"end":{"line":43,"column":25}},{"start":{"line":43,"column":29},"end":{"line":43,"column":42}}],"line":43}},"s":{"0":1,"1":1,"2":1,"3":1,"4":0,"5":1,"6":0,"7":1,"8":1,"9":1,"10":2,"11":0,"12":2,"13":2,"14":1,"15":1,"16":1,"17":2,"18":2,"19":1},"f":{"0":1,"1":1,"2":2,"3":2,"4":2,"5":1},"b":{"0":[0,1],"1":[0,0],"2":[2],"3":[0,2],"4":[1,1]},"meta":{"lastBranch":5,"lastFunction":6,"lastStatement":20,"seen":{"s:1:18:1:31":0,"f:3:15:3:32":0,"s:4:16:4:18":1,"s:5:2:9:3":2,"s:6:4:6:31":3,"s:8:4:8:17":4,"b:11:2:13:3:undefined:undefined:undefined:undefined":0,"s:11:2:13:3":5,"s:12:4:12:70":6,"b:12:20:12:34:12:38:12:68":1,"s:15:2:15:17":7,"f:18:22:18:27":1,"s:19:14:26:4":8,"s:28:2:28:32":9,"f:31:22:31:33":2,"b:31:42:31:52":2,"b:32:2:32:27:undefined:undefined:undefined:undefined":3,"s:32:2:32:27":10,"s:32:14:32:27":11,"s:34:2:46:3":12,"s:35:16:41:6":13,"s:42:20:42:36":14,"s:43:4:43:44":15,"b:43:19:43:25:43:29:43:42":4,"s:45:4:45:17":16,"f:49:16:49:25":3,"s:50:2:50:43":17,"f:53:16:53:24":4,"s:54:2:54:43":18,"f:57:16:57:22":5,"s:58:2:58:39":19}}}
,"C:\\Users\\PC\\Desktop\\ninho-mils4\\src\\utils\\security.js": {"path":"C:\\Users\\PC\\Desktop\\ninho-mils4\\src\\utils\\security.js","statementMap":{"0":{"start":{"line":1,"column":24},"end":{"line":1,"column":28}},"1":{"start":{"line":2,"column":24},"end":{"line":2,"column":56}},"2":{"start":{"line":5,"column":2},"end":{"line":8,"column":25}},"3":{"start":{"line":12,"column":17},"end":{"line":12,"column":30}},"4":{"start":{"line":13,"column":2},"end":{"line":13,"column":48}},"5":{"start":{"line":13,"column":32},"end":{"line":13,"column":48}},"6":{"start":{"line":14,"column":2},"end":{"line":14,"column":46}},"7":{"start":{"line":18,"column":2},"end":{"line":23,"column":3}},"8":{"start":{"line":19,"column":16},"end":{"line":19,"column":38}},"9":{"start":{"line":20,"column":4},"end":{"line":20,"column":37}},"10":{"start":{"line":22,"column":4},"end":{"line":22,"column":17}},"11":{"start":{"line":27,"column":2},"end":{"line":27,"column":61}},"12":{"start":{"line":31,"column":16},"end":{"line":31,"column":37}},"13":{"start":{"line":32,"column":2},"end":{"line":34,"column":3}},"14":{"start":{"line":33,"column":4},"end":{"line":33,"column":17}},"15":{"start":{"line":35,"column":2},"end":{"line":35,"column":25}},"16":{"start":{"line":39,"column":16},"end":{"line":39,"column":36}},"17":{"start":{"line":40,"column":2},"end":{"line":40,"column":56}},"18":{"start":{"line":44,"column":16},"end":{"line":44,"column":51}},"19":{"start":{"line":45,"column":2},"end":{"line":45,"column":63}}},"fnMap":{"0":{"name":"cleanText","decl":{"start":{"line":4,"column":16},"end":{"line":4,"column":25}},"loc":{"start":{"line":4,"column":62},"end":{"line":9,"column":1}},"line":4},"1":{"name":"cleanNumber","decl":{"start":{"line":11,"column":16},"end":{"line":11,"column":27}},"loc":{"start":{"line":11,"column":98},"end":{"line":15,"column":1}},"line":11},"2":{"name":"isSafeExternalUrl","decl":{"start":{"line":17,"column":16},"end":{"line":17,"column":33}},"loc":{"start":{"line":17,"column":41},"end":{"line":24,"column":1}},"line":17},"3":{"name":"safeExternalUrl","decl":{"start":{"line":26,"column":16},"end":{"line":26,"column":31}},"loc":{"start":{"line":26,"column":55},"end":{"line":28,"column":1}},"line":26},"4":{"name":"safeImagePath","decl":{"start":{"line":30,"column":16},"end":{"line":30,"column":29}},"loc":{"start":{"line":30,"column":37},"end":{"line":36,"column":1}},"line":30},"5":{"name":"safeDate","decl":{"start":{"line":38,"column":16},"end":{"line":38,"column":24}},"loc":{"start":{"line":38,"column":32},"end":{"line":41,"column":1}},"line":38},"6":{"name":"safeEmail","decl":{"start":{"line":43,"column":16},"end":{"line":43,"column":25}},"loc":{"start":{"line":43,"column":33},"end":{"line":46,"column":1}},"line":43}},"branchMap":{"0":{"loc":{"start":{"line":4,"column":33},"end":{"line":4,"column":60}},"type":"default-arg","locations":[{"start":{"line":4,"column":45},"end":{"line":4,"column":60}}],"line":4},"1":{"loc":{"start":{"line":5,"column":16},"end":{"line":5,"column":27}},"type":"binary-expr","locations":[{"start":{"line":5,"column":16},"end":{"line":5,"column":21}},{"start":{"line":5,"column":25},"end":{"line":5,"column":27}}],"line":5},"2":{"loc":{"start":{"line":11,"column":35},"end":{"line":11,"column":96}},"type":"default-arg","locations":[{"start":{"line":11,"column":94},"end":{"line":11,"column":96}}],"line":11},"3":{"loc":{"start":{"line":11,"column":37},"end":{"line":11,"column":44}},"type":"default-arg","locations":[{"start":{"line":11,"column":43},"end":{"line":11,"column":44}}],"line":11},"4":{"loc":{"start":{"line":11,"column":46},"end":{"line":11,"column":75}},"type":"default-arg","locations":[{"start":{"line":11,"column":52},"end":{"line":11,"column":75}}],"line":11},"5":{"loc":{"start":{"line":11,"column":77},"end":{"line":11,"column":89}},"type":"default-arg","locations":[{"start":{"line":11,"column":88},"end":{"line":11,"column":89}}],"line":11},"6":{"loc":{"start":{"line":13,"column":2},"end":{"line":13,"column":48}},"type":"if","locations":[{"start":{"line":13,"column":2},"end":{"line":13,"column":48}},{"start":{},"end":{}}],"line":13},"7":{"loc":{"start":{"line":26,"column":39},"end":{"line":26,"column":53}},"type":"default-arg","locations":[{"start":{"line":26,"column":50},"end":{"line":26,"column":53}}],"line":26},"8":{"loc":{"start":{"line":27,"column":9},"end":{"line":27,"column":60}},"type":"cond-expr","locations":[{"start":{"line":27,"column":36},"end":{"line":27,"column":49}},{"start":{"line":27,"column":52},"end":{"line":27,"column":60}}],"line":27},"9":{"loc":{"start":{"line":32,"column":2},"end":{"line":34,"column":3}},"type":"if","locations":[{"start":{"line":32,"column":2},"end":{"line":34,"column":3}},{"start":{},"end":{}}],"line":32},"10":{"loc":{"start":{"line":32,"column":6},"end":{"line":32,"column":99}},"type":"binary-expr","locations":[{"start":{"line":32,"column":6},"end":{"line":32,"column":74}},{"start":{"line":32,"column":78},"end":{"line":32,"column":99}}],"line":32},"11":{"loc":{"start":{"line":40,"column":9},"end":{"line":40,"column":55}},"type":"cond-expr","locations":[{"start":{"line":40,"column":45},"end":{"line":40,"column":50}},{"start":{"line":40,"column":53},"end":{"line":40,"column":55}}],"line":40},"12":{"loc":{"start":{"line":45,"column":9},"end":{"line":45,"column":62}},"type":"cond-expr","locations":[{"start":{"line":45,"column":52},"end":{"line":45,"column":57}},{"start":{"line":45,"column":60},"end":{"line":45,"column":62}}],"line":45}},"s":{"0":1,"1":1,"2":6,"3":2,"4":2,"5":0,"6":2,"7":2,"8":2,"9":2,"10":0,"11":2,"12":1,"13":1,"14":1,"15":0,"16":2,"17":2,"18":2,"19":2},"f":{"0":6,"1":2,"2":2,"3":2,"4":1,"5":2,"6":2},"b":{"0":[6],"1":[6,0],"2":[2],"3":[2],"4":[2],"5":[2],"6":[0,2],"7":[2],"8":[1,1],"9":[1,0],"10":[1,1],"11":[1,1],"12":[1,1]},"meta":{"lastBranch":13,"lastFunction":7,"lastStatement":20,"seen":{"s:1:24:1:28":0,"s:2:24:2:56":1,"f:4:16:4:25":0,"b:4:45:4:60":0,"s:5:2:8:25":2,"b:5:16:5:21:5:25:5:27":1,"f:11:16:11:27":1,"b:11:94:11:96":2,"b:11:43:11:44":3,"b:11:52:11:75":4,"b:11:88:11:89":5,"s:12:17:12:30":3,"b:13:2:13:48:undefined:undefined:undefined:undefined":6,"s:13:2:13:48":4,"s:13:32:13:48":5,"s:14:2:14:46":6,"f:17:16:17:33":2,"s:18:2:23:3":7,"s:19:16:19:38":8,"s:20:4:20:37":9,"s:22:4:22:17":10,"f:26:16:26:31":3,"b:26:50:26:53":7,"s:27:2:27:61":11,"b:27:36:27:49:27:52:27:60":8,"f:30:16:30:29":4,"s:31:16:31:37":12,"b:32:2:34:3:undefined:undefined:undefined:undefined":9,"s:32:2:34:3":13,"b:32:6:32:74:32:78:32:99":10,"s:33:4:33:17":14,"s:35:2:35:25":15,"f:38:16:38:24":5,"s:39:16:39:36":16,"s:40:2:40:56":17,"b:40:45:40:50:40:53:40:55":11,"f:43:16:43:25":6,"s:44:16:44:51":18,"s:45:2:45:63":19,"b:45:52:45:57:45:60:45:62":12}}}
}
